<?xml version="1.0" encoding="UTF-8"?>
<coverage generated="1763508261">
  <project timestamp="1763508261" name="Clover Coverage">
    <package name="App\Helpers">
      <file name="C:\Users\youne\PhpstormProjects\Ticketack\app\Helpers\NotificationPreferences.php">
        <class name="App\Helpers\NotificationPreferences" namespace="App\Helpers">
          <metrics complexity="3" methods="1" coveredmethods="0" conditionals="0" coveredconditionals="0" statements="5" coveredstatements="0" elements="6" coveredelements="0"/>
        </class>
        <line num="7" type="method" name="getCategoryForType" visibility="public" complexity="3" crap="12" count="0"/>
        <line num="9" type="stmt" count="0"/>
        <line num="11" type="stmt" count="0"/>
        <line num="12" type="stmt" count="0"/>
        <line num="13" type="stmt" count="0"/>
        <line num="17" type="stmt" count="0"/>
        <metrics loc="20" ncloc="20" classes="1" methods="1" coveredmethods="0" conditionals="0" coveredconditionals="0" statements="5" coveredstatements="0" elements="6" coveredelements="0"/>
      </file>
    </package>
    <package name="App\Http\Controllers\Auth">
      <file name="C:\Users\youne\PhpstormProjects\Ticketack\app\Http\Controllers\Auth\EmailVerification.php">
        <class name="App\Http\Controllers\Auth\EmailVerification" namespace="App\Http\Controllers\Auth">
          <metrics complexity="14" methods="5" coveredmethods="3" conditionals="0" coveredconditionals="0" statements="35" coveredstatements="20" elements="40" coveredelements="23"/>
        </class>
        <line num="37" type="method" name="notice" visibility="public" complexity="3" crap="3" count="2"/>
        <line num="39" type="stmt" count="2"/>
        <line num="41" type="stmt" count="2"/>
        <line num="42" type="stmt" count="1"/>
        <line num="45" type="stmt" count="1"/>
        <line num="53" type="method" name="sendVerificationEmail" visibility="public" complexity="2" crap="2" count="2"/>
        <line num="56" type="stmt" count="2"/>
        <line num="57" type="stmt" count="1"/>
        <line num="60" type="stmt" count="1"/>
        <line num="61" type="stmt" count="1"/>
        <line num="63" type="stmt" count="1"/>
        <line num="65" type="stmt" count="1"/>
        <line num="67" type="stmt" count="1"/>
        <line num="68" type="stmt" count="1"/>
        <line num="69" type="stmt" count="1"/>
        <line num="78" type="method" name="verify" visibility="public" complexity="3" crap="3" count="3"/>
        <line num="81" type="stmt" count="3"/>
        <line num="83" type="stmt" count="3"/>
        <line num="84" type="stmt" count="1"/>
        <line num="87" type="stmt" count="2"/>
        <line num="88" type="stmt" count="1"/>
        <line num="92" type="stmt" count="2"/>
        <line num="94" type="stmt" count="2"/>
        <line num="102" type="method" name="editEmail" visibility="public" complexity="2" crap="6" count="0"/>
        <line num="104" type="stmt" count="0"/>
        <line num="106" type="stmt" count="0"/>
        <line num="107" type="stmt" count="0"/>
        <line num="110" type="stmt" count="0"/>
        <line num="119" type="method" name="updateEmail" visibility="public" complexity="4" crap="20" count="0"/>
        <line num="121" type="stmt" count="0"/>
        <line num="122" type="stmt" count="0"/>
        <line num="124" type="stmt" count="0"/>
        <line num="125" type="stmt" count="0"/>
        <line num="126" type="stmt" count="0"/>
        <line num="127" type="stmt" count="0"/>
        <line num="130" type="stmt" count="0"/>
        <line num="133" type="stmt" count="0"/>
        <line num="134" type="stmt" count="0"/>
        <line num="137" type="stmt" count="0"/>
        <line num="139" type="stmt" count="0"/>
        <metrics loc="142" ncloc="102" classes="1" methods="5" coveredmethods="3" conditionals="0" coveredconditionals="0" statements="35" coveredstatements="20" elements="40" coveredelements="23"/>
      </file>
      <file name="C:\Users\youne\PhpstormProjects\Ticketack\app\Http\Controllers\Auth\Login.php">
        <class name="App\Http\Controllers\Auth\Login" namespace="App\Http\Controllers\Auth">
          <metrics complexity="5" methods="3" coveredmethods="3" conditionals="0" coveredconditionals="0" statements="24" coveredstatements="24" elements="27" coveredelements="27"/>
        </class>
        <line num="31" type="method" name="create" visibility="public" complexity="1" crap="1" count="1"/>
        <line num="33" type="stmt" count="1"/>
        <line num="42" type="method" name="store" visibility="public" complexity="3" crap="3" count="3"/>
        <line num="45" type="stmt" count="3"/>
        <line num="48" type="stmt" count="3"/>
        <line num="49" type="stmt" count="3"/>
        <line num="50" type="stmt" count="1"/>
        <line num="52" type="stmt" count="2"/>
        <line num="55" type="stmt" count="2"/>
        <line num="56" type="stmt" count="2"/>
        <line num="57" type="stmt" count="2"/>
        <line num="58" type="stmt" count="2"/>
        <line num="60" type="stmt" count="2"/>
        <line num="61" type="stmt" count="1"/>
        <line num="62" type="stmt" count="1"/>
        <line num="63" type="stmt" count="1"/>
        <line num="64" type="stmt" count="1"/>
        <line num="65" type="stmt" count="1"/>
        <line num="66" type="stmt" count="1"/>
        <line num="69" type="stmt" count="1"/>
        <line num="71" type="stmt" count="1"/>
        <line num="72" type="stmt" count="1"/>
        <line num="82" type="method" name="logout" visibility="public" complexity="1" crap="1" count="1"/>
        <line num="84" type="stmt" count="1"/>
        <line num="86" type="stmt" count="1"/>
        <line num="87" type="stmt" count="1"/>
        <line num="89" type="stmt" count="1"/>
        <metrics loc="92" ncloc="64" classes="1" methods="3" coveredmethods="3" conditionals="0" coveredconditionals="0" statements="24" coveredstatements="24" elements="27" coveredelements="27"/>
      </file>
      <file name="C:\Users\youne\PhpstormProjects\Ticketack\app\Http\Controllers\Auth\Password.php">
        <class name="App\Http\Controllers\Auth\Password" namespace="App\Http\Controllers\Auth">
          <metrics complexity="12" methods="4" coveredmethods="2" conditionals="0" coveredconditionals="0" statements="52" coveredstatements="36" elements="56" coveredelements="38"/>
        </class>
        <line num="41" type="method" name="forget" visibility="public" complexity="1" crap="1" count="1"/>
        <line num="43" type="stmt" count="1"/>
        <line num="53" type="method" name="sendResetLinkEmail" visibility="public" complexity="2" crap="2" count="1"/>
        <line num="55" type="stmt" count="1"/>
        <line num="57" type="stmt" count="1"/>
        <line num="58" type="stmt" count="1"/>
        <line num="60" type="stmt" count="1"/>
        <line num="62" type="stmt" count="1"/>
        <line num="63" type="stmt" count="1"/>
        <line num="64" type="stmt" count="1"/>
        <line num="65" type="stmt" count="1"/>
        <line num="66" type="stmt" count="1"/>
        <line num="68" type="stmt" count="1"/>
        <line num="71" type="stmt" count="1"/>
        <line num="80" type="method" name="reset" visibility="public" complexity="3" crap="4.46" count="1"/>
        <line num="82" type="stmt" count="1"/>
        <line num="83" type="stmt" count="1"/>
        <line num="84" type="stmt" count="1"/>
        <line num="86" type="stmt" count="1"/>
        <line num="87" type="stmt" count="0"/>
        <line num="88" type="stmt" count="0"/>
        <line num="89" type="stmt" count="0"/>
        <line num="90" type="stmt" count="0"/>
        <line num="91" type="stmt" count="0"/>
        <line num="92" type="stmt" count="0"/>
        <line num="95" type="stmt" count="1"/>
        <line num="96" type="stmt" count="1"/>
        <line num="97" type="stmt" count="0"/>
        <line num="98" type="stmt" count="0"/>
        <line num="99" type="stmt" count="0"/>
        <line num="100" type="stmt" count="0"/>
        <line num="101" type="stmt" count="0"/>
        <line num="102" type="stmt" count="0"/>
        <line num="105" type="stmt" count="1"/>
        <line num="106" type="stmt" count="1"/>
        <line num="107" type="stmt" count="1"/>
        <line num="108" type="stmt" count="1"/>
        <line num="116" type="method" name="update" visibility="public" complexity="6" crap="6.40" count="2"/>
        <line num="118" type="stmt" count="2"/>
        <line num="121" type="stmt" count="2"/>
        <line num="122" type="stmt" count="2"/>
        <line num="123" type="stmt" count="0"/>
        <line num="127" type="stmt" count="2"/>
        <line num="128" type="stmt" count="2"/>
        <line num="129" type="stmt" count="1"/>
        <line num="133" type="stmt" count="1"/>
        <line num="134" type="stmt" count="0"/>
        <line num="135" type="stmt" count="0"/>
        <line num="139" type="stmt" count="1"/>
        <line num="140" type="stmt" count="0"/>
        <line num="144" type="stmt" count="1"/>
        <line num="145" type="stmt" count="1"/>
        <line num="146" type="stmt" count="1"/>
        <line num="147" type="stmt" count="1"/>
        <line num="150" type="stmt" count="1"/>
        <line num="152" type="stmt" count="1"/>
        <metrics loc="155" ncloc="114" classes="1" methods="4" coveredmethods="2" conditionals="0" coveredconditionals="0" statements="52" coveredstatements="36" elements="56" coveredelements="38"/>
      </file>
      <file name="C:\Users\youne\PhpstormProjects\Ticketack\app\Http\Controllers\Auth\Register.php">
        <class name="App\Http\Controllers\Auth\Register" namespace="App\Http\Controllers\Auth">
          <metrics complexity="2" methods="2" coveredmethods="2" conditionals="0" coveredconditionals="0" statements="7" coveredstatements="7" elements="9" coveredelements="9"/>
        </class>
        <line num="36" type="method" name="create" visibility="public" complexity="1" crap="1" count="1"/>
        <line num="38" type="stmt" count="1"/>
        <line num="48" type="method" name="store" visibility="public" complexity="1" crap="1" count="1"/>
        <line num="50" type="stmt" count="1"/>
        <line num="52" type="stmt" count="1"/>
        <line num="54" type="stmt" count="1"/>
        <line num="56" type="stmt" count="1"/>
        <line num="59" type="stmt" count="1"/>
        <line num="61" type="stmt" count="1"/>
        <metrics loc="64" ncloc="41" classes="1" methods="2" coveredmethods="2" conditionals="0" coveredconditionals="0" statements="7" coveredstatements="7" elements="9" coveredelements="9"/>
      </file>
    </package>
    <package name="App\Http\Controllers">
      <file name="C:\Users\youne\PhpstormProjects\Ticketack\app\Http\Controllers\Controller.php">
        <class name="App\Http\Controllers\Controller" namespace="App\Http\Controllers">
          <metrics complexity="0" methods="0" coveredmethods="0" conditionals="0" coveredconditionals="0" statements="0" coveredstatements="0" elements="0" coveredelements="0"/>
        </class>
        <metrics loc="9" ncloc="8" classes="0" methods="0" coveredmethods="0" conditionals="0" coveredconditionals="0" statements="0" coveredstatements="0" elements="0" coveredelements="0"/>
      </file>
    </package>
    <package name="App\Http\Controllers\Notifications">
      <file name="C:\Users\youne\PhpstormProjects\Ticketack\app\Http\Controllers\Notifications\Index.php">
        <class name="App\Http\Controllers\Notifications\Index" namespace="App\Http\Controllers\Notifications">
          <metrics complexity="14" methods="5" coveredmethods="5" conditionals="0" coveredconditionals="0" statements="36" coveredstatements="36" elements="41" coveredelements="41"/>
        </class>
        <line num="29" type="method" name="index" visibility="public" complexity="2" crap="2" count="2"/>
        <line num="31" type="stmt" count="2"/>
        <line num="33" type="stmt" count="2"/>
        <line num="34" type="stmt" count="1"/>
        <line num="35" type="stmt" count="1"/>
        <line num="36" type="stmt" count="1"/>
        <line num="37" type="stmt" count="1"/>
        <line num="38" type="stmt" count="1"/>
        <line num="40" type="stmt" count="1"/>
        <line num="43" type="stmt" count="2"/>
        <line num="45" type="stmt" count="2"/>
        <line num="46" type="stmt" count="2"/>
        <line num="47" type="stmt" count="2"/>
        <line num="48" type="stmt" count="2"/>
        <line num="49" type="stmt" count="2"/>
        <line num="57" type="method" name="markAsRead" visibility="public" complexity="2" crap="2" count="2"/>
        <line num="59" type="stmt" count="2"/>
        <line num="60" type="stmt" count="1"/>
        <line num="63" type="stmt" count="1"/>
        <line num="65" type="stmt" count="1"/>
        <line num="73" type="method" name="markManyAsRead" visibility="public" complexity="4" crap="4" count="1"/>
        <line num="74" type="stmt" count="1"/>
        <line num="76" type="stmt" count="1"/>
        <line num="78" type="stmt" count="1"/>
        <line num="80" type="stmt" count="1"/>
        <line num="82" type="stmt" count="1"/>
        <line num="84" type="stmt" count="1"/>
        <line num="87" type="stmt" count="1"/>
        <line num="95" type="method" name="destroy" visibility="public" complexity="2" crap="2" count="2"/>
        <line num="97" type="stmt" count="2"/>
        <line num="98" type="stmt" count="1"/>
        <line num="101" type="stmt" count="1"/>
        <line num="103" type="stmt" count="1"/>
        <line num="111" type="method" name="destroyMany" visibility="public" complexity="4" crap="4" count="1"/>
        <line num="112" type="stmt" count="1"/>
        <line num="114" type="stmt" count="1"/>
        <line num="115" type="stmt" count="1"/>
        <line num="117" type="stmt" count="1"/>
        <line num="119" type="stmt" count="1"/>
        <line num="121" type="stmt" count="1"/>
        <line num="124" type="stmt" count="1"/>
        <metrics loc="127" ncloc="94" classes="1" methods="5" coveredmethods="5" conditionals="0" coveredconditionals="0" statements="36" coveredstatements="36" elements="41" coveredelements="41"/>
      </file>
    </package>
    <package name="App\Http\Controllers\Settings">
      <file name="C:\Users\youne\PhpstormProjects\Ticketack\app\Http\Controllers\Settings\Appearance.php">
        <class name="App\Http\Controllers\Settings\Appearance" namespace="App\Http\Controllers\Settings">
          <metrics complexity="3" methods="3" coveredmethods="3" conditionals="0" coveredconditionals="0" statements="20" coveredstatements="20" elements="23" coveredelements="23"/>
        </class>
        <line num="23" type="method" name="edit" visibility="public" complexity="1" crap="1" count="1"/>
        <line num="25" type="stmt" count="1"/>
        <line num="26" type="stmt" count="1"/>
        <line num="28" type="stmt" count="1"/>
        <line num="29" type="stmt" count="1"/>
        <line num="30" type="stmt" count="1"/>
        <line num="31" type="stmt" count="1"/>
        <line num="39" type="method" name="update_theme" visibility="public" complexity="1" crap="1" count="1"/>
        <line num="41" type="stmt" count="1"/>
        <line num="43" type="stmt" count="1"/>
        <line num="45" type="stmt" count="1"/>
        <line num="46" type="stmt" count="1"/>
        <line num="47" type="stmt" count="1"/>
        <line num="49" type="stmt" count="1"/>
        <line num="51" type="stmt" count="1"/>
        <line num="59" type="method" name="update_color" visibility="public" complexity="1" crap="1" count="1"/>
        <line num="61" type="stmt" count="1"/>
        <line num="63" type="stmt" count="1"/>
        <line num="65" type="stmt" count="1"/>
        <line num="66" type="stmt" count="1"/>
        <line num="67" type="stmt" count="1"/>
        <line num="69" type="stmt" count="1"/>
        <line num="71" type="stmt" count="1"/>
        <metrics loc="74" ncloc="59" classes="1" methods="3" coveredmethods="3" conditionals="0" coveredconditionals="0" statements="20" coveredstatements="20" elements="23" coveredelements="23"/>
      </file>
      <file name="C:\Users\youne\PhpstormProjects\Ticketack\app\Http\Controllers\Settings\Notification.php">
        <class name="App\Http\Controllers\Settings\Notification" namespace="App\Http\Controllers\Settings">
          <metrics complexity="4" methods="2" coveredmethods="2" conditionals="0" coveredconditionals="0" statements="32" coveredstatements="32" elements="34" coveredelements="34"/>
        </class>
        <line num="16" type="method" name="edit" visibility="public" complexity="1" crap="1" count="1"/>
        <line num="18" type="stmt" count="1"/>
        <line num="19" type="stmt" count="1"/>
        <line num="21" type="stmt" count="1"/>
        <line num="22" type="stmt" count="1"/>
        <line num="24" type="stmt" count="1"/>
        <line num="25" type="stmt" count="1"/>
        <line num="26" type="stmt" count="1"/>
        <line num="27" type="stmt" count="1"/>
        <line num="28" type="stmt" count="1"/>
        <line num="31" type="method" name="update" visibility="public" complexity="3" crap="3" count="3"/>
        <line num="32" type="stmt" count="3"/>
        <line num="34" type="stmt" count="3"/>
        <line num="36" type="stmt" count="3"/>
        <line num="37" type="stmt" count="3"/>
        <line num="38" type="stmt" count="3"/>
        <line num="41" type="stmt" count="3"/>
        <line num="42" type="stmt" count="3"/>
        <line num="43" type="stmt" count="3"/>
        <line num="44" type="stmt" count="3"/>
        <line num="47" type="stmt" count="3"/>
        <line num="48" type="stmt" count="2"/>
        <line num="49" type="stmt" count="2"/>
        <line num="50" type="stmt" count="2"/>
        <line num="51" type="stmt" count="2"/>
        <line num="52" type="stmt" count="2"/>
        <line num="53" type="stmt" count="2"/>
        <line num="54" type="stmt" count="2"/>
        <line num="55" type="stmt" count="2"/>
        <line num="56" type="stmt" count="2"/>
        <line num="57" type="stmt" count="2"/>
        <line num="61" type="stmt" count="3"/>
        <line num="62" type="stmt" count="3"/>
        <line num="63" type="stmt" count="3"/>
        <metrics loc="66" ncloc="62" classes="1" methods="2" coveredmethods="2" conditionals="0" coveredconditionals="0" statements="32" coveredstatements="32" elements="34" coveredelements="34"/>
      </file>
      <file name="C:\Users\youne\PhpstormProjects\Ticketack\app\Http\Controllers\Settings\Password.php">
        <class name="App\Http\Controllers\Settings\Password" namespace="App\Http\Controllers\Settings">
          <metrics complexity="3" methods="2" coveredmethods="1" conditionals="0" coveredconditionals="0" statements="10" coveredstatements="7" elements="12" coveredelements="8"/>
        </class>
        <line num="23" type="method" name="edit" visibility="public" complexity="1" crap="1" count="1"/>
        <line num="25" type="stmt" count="1"/>
        <line num="34" type="method" name="update" visibility="public" complexity="2" crap="2.15" count="1"/>
        <line num="36" type="stmt" count="1"/>
        <line num="38" type="stmt" count="1"/>
        <line num="39" type="stmt" count="0"/>
        <line num="40" type="stmt" count="0"/>
        <line num="41" type="stmt" count="0"/>
        <line num="44" type="stmt" count="1"/>
        <line num="45" type="stmt" count="1"/>
        <line num="46" type="stmt" count="1"/>
        <line num="48" type="stmt" count="1"/>
        <metrics loc="51" ncloc="39" classes="1" methods="2" coveredmethods="1" conditionals="0" coveredconditionals="0" statements="10" coveredstatements="7" elements="12" coveredelements="8"/>
      </file>
      <file name="C:\Users\youne\PhpstormProjects\Ticketack\app\Http\Controllers\Settings\Profile.php">
        <class name="App\Http\Controllers\Settings\Profile" namespace="App\Http\Controllers\Settings">
          <metrics complexity="13" methods="4" coveredmethods="3" conditionals="0" coveredconditionals="0" statements="57" coveredstatements="55" elements="61" coveredelements="58"/>
        </class>
        <line num="28" type="method" name="edit" visibility="public" complexity="1" crap="1" count="1"/>
        <line num="30" type="stmt" count="1"/>
        <line num="31" type="stmt" count="1"/>
        <line num="33" type="stmt" count="1"/>
        <line num="34" type="stmt" count="1"/>
        <line num="35" type="stmt" count="1"/>
        <line num="36" type="stmt" count="1"/>
        <line num="44" type="method" name="update" visibility="public" complexity="9" crap="9.02" count="4"/>
        <line num="46" type="stmt" count="4"/>
        <line num="48" type="stmt" count="4"/>
        <line num="50" type="stmt" count="4"/>
        <line num="52" type="stmt" count="4"/>
        <line num="54" type="stmt" count="4"/>
        <line num="55" type="stmt" count="1"/>
        <line num="58" type="stmt" count="4"/>
        <line num="60" type="stmt" count="4"/>
        <line num="61" type="stmt" count="1"/>
        <line num="64" type="stmt" count="4"/>
        <line num="65" type="stmt" count="1"/>
        <line num="66" type="stmt" count="1"/>
        <line num="67" type="stmt" count="1"/>
        <line num="71" type="stmt" count="3"/>
        <line num="73" type="stmt" count="1"/>
        <line num="75" type="stmt" count="1"/>
        <line num="76" type="stmt" count="0"/>
        <line num="77" type="stmt" count="0"/>
        <line num="80" type="stmt" count="1"/>
        <line num="82" type="stmt" count="1"/>
        <line num="83" type="stmt" count="1"/>
        <line num="84" type="stmt" count="1"/>
        <line num="85" type="stmt" count="1"/>
        <line num="86" type="stmt" count="1"/>
        <line num="87" type="stmt" count="1"/>
        <line num="88" type="stmt" count="1"/>
        <line num="90" type="stmt" count="1"/>
        <line num="91" type="stmt" count="1"/>
        <line num="94" type="stmt" count="4"/>
        <line num="96" type="stmt" count="4"/>
        <line num="97" type="stmt" count="4"/>
        <line num="98" type="stmt" count="4"/>
        <line num="103" type="method" name="update_lang" visibility="public" complexity="1" crap="1" count="1"/>
        <line num="105" type="stmt" count="1"/>
        <line num="106" type="stmt" count="1"/>
        <line num="108" type="stmt" count="1"/>
        <line num="109" type="stmt" count="1"/>
        <line num="110" type="stmt" count="1"/>
        <line num="111" type="stmt" count="1"/>
        <line num="113" type="stmt" count="1"/>
        <line num="115" type="stmt" count="1"/>
        <line num="124" type="method" name="destroy" visibility="public" complexity="2" crap="2" count="2"/>
        <line num="127" type="stmt" count="2"/>
        <line num="128" type="stmt" count="2"/>
        <line num="130" type="stmt" count="2"/>
        <line num="131" type="stmt" count="1"/>
        <line num="132" type="stmt" count="1"/>
        <line num="133" type="stmt" count="1"/>
        <line num="136" type="stmt" count="1"/>
        <line num="138" type="stmt" count="1"/>
        <line num="140" type="stmt" count="1"/>
        <line num="141" type="stmt" count="1"/>
        <line num="143" type="stmt" count="1"/>
        <metrics loc="146" ncloc="127" classes="1" methods="4" coveredmethods="3" conditionals="0" coveredconditionals="0" statements="57" coveredstatements="55" elements="61" coveredelements="58"/>
      </file>
    </package>
    <package name="App\Http\Middleware">
      <file name="C:\Users\youne\PhpstormProjects\Ticketack\app\Http\Middleware\HandleAppearance.php">
        <class name="App\Http\Middleware\HandleAppearance" namespace="App\Http\Middleware">
          <metrics complexity="2" methods="1" coveredmethods="1" conditionals="0" coveredconditionals="0" statements="9" coveredstatements="9" elements="10" coveredelements="10"/>
        </class>
        <line num="23" type="method" name="handle" visibility="public" complexity="2" crap="2" count="53"/>
        <line num="25" type="stmt" count="53"/>
        <line num="27" type="stmt" count="53"/>
        <line num="28" type="stmt" count="42"/>
        <line num="29" type="stmt" count="42"/>
        <line num="31" type="stmt" count="11"/>
        <line num="32" type="stmt" count="11"/>
        <line num="35" type="stmt" count="53"/>
        <line num="36" type="stmt" count="53"/>
        <line num="38" type="stmt" count="53"/>
        <metrics loc="41" ncloc="32" classes="1" methods="1" coveredmethods="1" conditionals="0" coveredconditionals="0" statements="9" coveredstatements="9" elements="10" coveredelements="10"/>
      </file>
      <file name="C:\Users\youne\PhpstormProjects\Ticketack\app\Http\Middleware\HandleInertiaRequests.php">
        <class name="App\Http\Middleware\HandleInertiaRequests" namespace="App\Http\Middleware">
          <metrics complexity="6" methods="2" coveredmethods="1" conditionals="0" coveredconditionals="0" statements="48" coveredstatements="47" elements="50" coveredelements="48"/>
        </class>
        <line num="34" type="method" name="version" visibility="public" complexity="1" crap="1" count="14"/>
        <line num="36" type="stmt" count="14"/>
        <line num="46" type="method" name="share" visibility="public" complexity="5" crap="5" count="53"/>
        <line num="49" type="stmt" count="53"/>
        <line num="50" type="stmt" count="53"/>
        <line num="51" type="stmt" count="53"/>
        <line num="52" type="stmt" count="53"/>
        <line num="55" type="stmt" count="53"/>
        <line num="56" type="stmt" count="53"/>
        <line num="57" type="stmt" count="53"/>
        <line num="58" type="stmt" count="53"/>
        <line num="59" type="stmt" count="53"/>
        <line num="60" type="stmt" count="53"/>
        <line num="61" type="stmt" count="53"/>
        <line num="62" type="stmt" count="53"/>
        <line num="63" type="stmt" count="53"/>
        <line num="64" type="stmt" count="53"/>
        <line num="65" type="stmt" count="53"/>
        <line num="66" type="stmt" count="53"/>
        <line num="67" type="stmt" count="53"/>
        <line num="68" type="stmt" count="53"/>
        <line num="70" type="stmt" count="53"/>
        <line num="71" type="stmt" count="53"/>
        <line num="72" type="stmt" count="53"/>
        <line num="73" type="stmt" count="53"/>
        <line num="74" type="stmt" count="53"/>
        <line num="75" type="stmt" count="53"/>
        <line num="76" type="stmt" count="53"/>
        <line num="77" type="stmt" count="53"/>
        <line num="78" type="stmt" count="0"/>
        <line num="79" type="stmt" count="53"/>
        <line num="81" type="stmt" count="53"/>
        <line num="82" type="stmt" count="53"/>
        <line num="84" type="stmt" count="53"/>
        <line num="85" type="stmt" count="53"/>
        <line num="86" type="stmt" count="14"/>
        <line num="87" type="stmt" count="14"/>
        <line num="89" type="stmt" count="14"/>
        <line num="90" type="stmt" count="53"/>
        <line num="91" type="stmt" count="53"/>
        <line num="93" type="stmt" count="53"/>
        <line num="94" type="stmt" count="53"/>
        <line num="95" type="stmt" count="14"/>
        <line num="96" type="stmt" count="14"/>
        <line num="98" type="stmt" count="14"/>
        <line num="99" type="stmt" count="53"/>
        <line num="100" type="stmt" count="53"/>
        <line num="102" type="stmt" count="53"/>
        <line num="104" type="stmt" count="53"/>
        <line num="105" type="stmt" count="53"/>
        <metrics loc="118" ncloc="87" classes="1" methods="2" coveredmethods="1" conditionals="0" coveredconditionals="0" statements="48" coveredstatements="47" elements="50" coveredelements="48"/>
      </file>
      <file name="C:\Users\youne\PhpstormProjects\Ticketack\app\Http\Middleware\SetLocale.php">
        <class name="App\Http\Middleware\SetLocale" namespace="App\Http\Middleware">
          <metrics complexity="3" methods="1" coveredmethods="1" conditionals="0" coveredconditionals="0" statements="5" coveredstatements="5" elements="6" coveredelements="6"/>
        </class>
        <line num="23" type="method" name="handle" visibility="public" complexity="3" crap="3" count="53"/>
        <line num="25" type="stmt" count="53"/>
        <line num="26" type="stmt" count="1"/>
        <line num="27" type="stmt" count="52"/>
        <line num="29" type="stmt" count="53"/>
        <line num="31" type="stmt" count="53"/>
        <metrics loc="34" ncloc="25" classes="1" methods="1" coveredmethods="1" conditionals="0" coveredconditionals="0" statements="5" coveredstatements="5" elements="6" coveredelements="6"/>
      </file>
      <file name="C:\Users\youne\PhpstormProjects\Ticketack\app\Http\Middleware\SetTimezone.php">
        <class name="App\Http\Middleware\SetTimezone" namespace="App\Http\Middleware">
          <metrics complexity="4" methods="1" coveredmethods="1" conditionals="0" coveredconditionals="0" statements="6" coveredstatements="6" elements="7" coveredelements="7"/>
        </class>
        <line num="19" type="method" name="handle" visibility="public" complexity="4" crap="4" count="53"/>
        <line num="21" type="stmt" count="53"/>
        <line num="22" type="stmt" count="1"/>
        <line num="23" type="stmt" count="1"/>
        <line num="24" type="stmt" count="1"/>
        <line num="27" type="stmt" count="52"/>
        <line num="30" type="stmt" count="53"/>
        <metrics loc="33" ncloc="27" classes="1" methods="1" coveredmethods="1" conditionals="0" coveredconditionals="0" statements="6" coveredstatements="6" elements="7" coveredelements="7"/>
      </file>
    </package>
    <package name="App\Http\Requests\Auth">
      <file name="C:\Users\youne\PhpstormProjects\Ticketack\app\Http\Requests\Auth\Email.php">
        <class name="App\Http\Requests\Auth\Email" namespace="App\Http\Requests\Auth">
          <metrics complexity="2" methods="2" coveredmethods="0" conditionals="0" coveredconditionals="0" statements="5" coveredstatements="0" elements="7" coveredelements="0"/>
        </class>
        <line num="24" type="method" name="authorize" visibility="public" complexity="1" crap="2" count="0"/>
        <line num="27" type="stmt" count="0"/>
        <line num="35" type="method" name="rules" visibility="public" complexity="1" crap="2" count="0"/>
        <line num="37" type="stmt" count="0"/>
        <line num="38" type="stmt" count="0"/>
        <line num="39" type="stmt" count="0"/>
        <line num="40" type="stmt" count="0"/>
        <metrics loc="43" ncloc="27" classes="1" methods="2" coveredmethods="0" conditionals="0" coveredconditionals="0" statements="5" coveredstatements="0" elements="7" coveredelements="0"/>
      </file>
      <file name="C:\Users\youne\PhpstormProjects\Ticketack\app\Http\Requests\Auth\Login.php">
        <class name="App\Http\Requests\Auth\Login" namespace="App\Http\Requests\Auth">
          <metrics complexity="2" methods="2" coveredmethods="2" conditionals="0" coveredconditionals="0" statements="6" coveredstatements="6" elements="8" coveredelements="8"/>
        </class>
        <line num="20" type="method" name="authorize" visibility="public" complexity="1" crap="1" count="3"/>
        <line num="23" type="stmt" count="3"/>
        <line num="31" type="method" name="rules" visibility="public" complexity="1" crap="1" count="3"/>
        <line num="33" type="stmt" count="3"/>
        <line num="34" type="stmt" count="3"/>
        <line num="35" type="stmt" count="3"/>
        <line num="36" type="stmt" count="3"/>
        <line num="37" type="stmt" count="3"/>
        <metrics loc="40" ncloc="25" classes="1" methods="2" coveredmethods="2" conditionals="0" coveredconditionals="0" statements="6" coveredstatements="6" elements="8" coveredelements="8"/>
      </file>
      <file name="C:\Users\youne\PhpstormProjects\Ticketack\app\Http\Requests\Auth\Register.php">
        <class name="App\Http\Requests\Auth\Register" namespace="App\Http\Requests\Auth">
          <metrics complexity="2" methods="2" coveredmethods="2" conditionals="0" coveredconditionals="0" statements="6" coveredstatements="6" elements="8" coveredelements="8"/>
        </class>
        <line num="23" type="method" name="authorize" visibility="public" complexity="1" crap="1" count="1"/>
        <line num="26" type="stmt" count="1"/>
        <line num="34" type="method" name="rules" visibility="public" complexity="1" crap="1" count="1"/>
        <line num="36" type="stmt" count="1"/>
        <line num="37" type="stmt" count="1"/>
        <line num="38" type="stmt" count="1"/>
        <line num="39" type="stmt" count="1"/>
        <line num="40" type="stmt" count="1"/>
        <metrics loc="43" ncloc="27" classes="1" methods="2" coveredmethods="2" conditionals="0" coveredconditionals="0" statements="6" coveredstatements="6" elements="8" coveredelements="8"/>
      </file>
      <file name="C:\Users\youne\PhpstormProjects\Ticketack\app\Http\Requests\Auth\ResetPassword.php">
        <class name="App\Http\Requests\Auth\ResetPassword" namespace="App\Http\Requests\Auth">
          <metrics complexity="2" methods="2" coveredmethods="2" conditionals="0" coveredconditionals="0" statements="6" coveredstatements="6" elements="8" coveredelements="8"/>
        </class>
        <line num="22" type="method" name="authorize" visibility="public" complexity="1" crap="1" count="2"/>
        <line num="25" type="stmt" count="2"/>
        <line num="33" type="method" name="rules" visibility="public" complexity="1" crap="1" count="2"/>
        <line num="35" type="stmt" count="2"/>
        <line num="36" type="stmt" count="2"/>
        <line num="37" type="stmt" count="2"/>
        <line num="38" type="stmt" count="2"/>
        <line num="39" type="stmt" count="2"/>
        <metrics loc="42" ncloc="25" classes="1" methods="2" coveredmethods="2" conditionals="0" coveredconditionals="0" statements="6" coveredstatements="6" elements="8" coveredelements="8"/>
      </file>
      <file name="C:\Users\youne\PhpstormProjects\Ticketack\app\Http\Requests\Auth\SendResetLinkEmail.php">
        <class name="App\Http\Requests\Auth\SendResetLinkEmail" namespace="App\Http\Requests\Auth">
          <metrics complexity="2" methods="2" coveredmethods="2" conditionals="0" coveredconditionals="0" statements="4" coveredstatements="4" elements="6" coveredelements="6"/>
        </class>
        <line num="21" type="method" name="authorize" visibility="public" complexity="1" crap="1" count="1"/>
        <line num="24" type="stmt" count="1"/>
        <line num="32" type="method" name="rules" visibility="public" complexity="1" crap="1" count="1"/>
        <line num="34" type="stmt" count="1"/>
        <line num="35" type="stmt" count="1"/>
        <line num="36" type="stmt" count="1"/>
        <metrics loc="39" ncloc="22" classes="1" methods="2" coveredmethods="2" conditionals="0" coveredconditionals="0" statements="4" coveredstatements="4" elements="6" coveredelements="6"/>
      </file>
    </package>
    <package name="App\Http\Requests\Notifications">
      <file name="C:\Users\youne\PhpstormProjects\Ticketack\app\Http\Requests\Notifications\Many.php">
        <class name="App\Http\Requests\Notifications\Many" namespace="App\Http\Requests\Notifications">
          <metrics complexity="2" methods="2" coveredmethods="2" conditionals="0" coveredconditionals="0" statements="5" coveredstatements="5" elements="7" coveredelements="7"/>
        </class>
        <line num="22" type="method" name="authorize" visibility="public" complexity="1" crap="1" count="2"/>
        <line num="25" type="stmt" count="2"/>
        <line num="33" type="method" name="rules" visibility="public" complexity="1" crap="1" count="2"/>
        <line num="35" type="stmt" count="2"/>
        <line num="36" type="stmt" count="2"/>
        <line num="37" type="stmt" count="2"/>
        <line num="38" type="stmt" count="2"/>
        <metrics loc="41" ncloc="25" classes="1" methods="2" coveredmethods="2" conditionals="0" coveredconditionals="0" statements="5" coveredstatements="5" elements="7" coveredelements="7"/>
      </file>
      <file name="C:\Users\youne\PhpstormProjects\Ticketack\app\Http\Requests\Notifications\Search.php">
        <class name="App\Http\Requests\Notifications\Search" namespace="App\Http\Requests\Notifications">
          <metrics complexity="2" methods="2" coveredmethods="2" conditionals="0" coveredconditionals="0" statements="4" coveredstatements="4" elements="6" coveredelements="6"/>
        </class>
        <line num="22" type="method" name="authorize" visibility="public" complexity="1" crap="1" count="2"/>
        <line num="25" type="stmt" count="2"/>
        <line num="33" type="method" name="rules" visibility="public" complexity="1" crap="1" count="2"/>
        <line num="35" type="stmt" count="2"/>
        <line num="36" type="stmt" count="2"/>
        <line num="37" type="stmt" count="2"/>
        <metrics loc="40" ncloc="24" classes="1" methods="2" coveredmethods="2" conditionals="0" coveredconditionals="0" statements="4" coveredstatements="4" elements="6" coveredelements="6"/>
      </file>
    </package>
    <package name="App\Http\Requests\Settings">
      <file name="C:\Users\youne\PhpstormProjects\Ticketack\app\Http\Requests\Settings\ColorScheme.php">
        <class name="App\Http\Requests\Settings\ColorScheme" namespace="App\Http\Requests\Settings">
          <metrics complexity="2" methods="2" coveredmethods="2" conditionals="0" coveredconditionals="0" statements="5" coveredstatements="5" elements="7" coveredelements="7"/>
        </class>
        <line num="22" type="method" name="authorize" visibility="public" complexity="1" crap="1" count="2"/>
        <line num="25" type="stmt" count="2"/>
        <line num="33" type="method" name="rules" visibility="public" complexity="1" crap="1" count="2"/>
        <line num="35" type="stmt" count="2"/>
        <line num="37" type="stmt" count="2"/>
        <line num="38" type="stmt" count="2"/>
        <line num="39" type="stmt" count="2"/>
        <metrics loc="42" ncloc="26" classes="1" methods="2" coveredmethods="2" conditionals="0" coveredconditionals="0" statements="5" coveredstatements="5" elements="7" coveredelements="7"/>
      </file>
      <file name="C:\Users\youne\PhpstormProjects\Ticketack\app\Http\Requests\Settings\DeleteAccount.php">
        <class name="App\Http\Requests\Settings\DeleteAccount" namespace="App\Http\Requests\Settings">
          <metrics complexity="2" methods="2" coveredmethods="2" conditionals="0" coveredconditionals="0" statements="4" coveredstatements="4" elements="6" coveredelements="6"/>
        </class>
        <line num="20" type="method" name="authorize" visibility="public" complexity="1" crap="1" count="2"/>
        <line num="23" type="stmt" count="2"/>
        <line num="31" type="method" name="rules" visibility="public" complexity="1" crap="1" count="2"/>
        <line num="33" type="stmt" count="2"/>
        <line num="34" type="stmt" count="2"/>
        <line num="35" type="stmt" count="2"/>
        <metrics loc="38" ncloc="23" classes="1" methods="2" coveredmethods="2" conditionals="0" coveredconditionals="0" statements="4" coveredstatements="4" elements="6" coveredelements="6"/>
      </file>
      <file name="C:\Users\youne\PhpstormProjects\Ticketack\app\Http\Requests\Settings\Lang.php">
        <class name="App\Http\Requests\Settings\Lang" namespace="App\Http\Requests\Settings">
          <metrics complexity="2" methods="2" coveredmethods="2" conditionals="0" coveredconditionals="0" statements="7" coveredstatements="7" elements="9" coveredelements="9"/>
        </class>
        <line num="22" type="method" name="authorize" visibility="public" complexity="1" crap="1" count="3"/>
        <line num="25" type="stmt" count="3"/>
        <line num="33" type="method" name="rules" visibility="public" complexity="1" crap="1" count="3"/>
        <line num="35" type="stmt" count="3"/>
        <line num="36" type="stmt" count="3"/>
        <line num="38" type="stmt" count="3"/>
        <line num="39" type="stmt" count="3"/>
        <line num="40" type="stmt" count="3"/>
        <line num="41" type="stmt" count="3"/>
        <metrics loc="44" ncloc="28" classes="1" methods="2" coveredmethods="2" conditionals="0" coveredconditionals="0" statements="7" coveredstatements="7" elements="9" coveredelements="9"/>
      </file>
      <file name="C:\Users\youne\PhpstormProjects\Ticketack\app\Http\Requests\Settings\Notification.php">
        <class name="App\Http\Requests\Settings\Notification" namespace="App\Http\Requests\Settings">
          <metrics complexity="2" methods="2" coveredmethods="2" conditionals="0" coveredconditionals="0" statements="17" coveredstatements="17" elements="19" coveredelements="19"/>
        </class>
        <line num="25" type="method" name="authorize" visibility="public" complexity="1" crap="1" count="6"/>
        <line num="28" type="stmt" count="6"/>
        <line num="36" type="method" name="rules" visibility="public" complexity="1" crap="1" count="6"/>
        <line num="38" type="stmt" count="6"/>
        <line num="39" type="stmt" count="6"/>
        <line num="40" type="stmt" count="6"/>
        <line num="41" type="stmt" count="6"/>
        <line num="43" type="stmt" count="6"/>
        <line num="45" type="stmt" count="6"/>
        <line num="46" type="stmt" count="6"/>
        <line num="48" type="stmt" count="6"/>
        <line num="49" type="stmt" count="6"/>
        <line num="50" type="stmt" count="6"/>
        <line num="51" type="stmt" count="6"/>
        <line num="52" type="stmt" count="6"/>
        <line num="53" type="stmt" count="6"/>
        <line num="54" type="stmt" count="6"/>
        <line num="55" type="stmt" count="6"/>
        <line num="56" type="stmt" count="6"/>
        <metrics loc="59" ncloc="42" classes="1" methods="2" coveredmethods="2" conditionals="0" coveredconditionals="0" statements="17" coveredstatements="17" elements="19" coveredelements="19"/>
      </file>
      <file name="C:\Users\youne\PhpstormProjects\Ticketack\app\Http\Requests\Settings\Password.php">
        <class name="App\Http\Requests\Settings\Password" namespace="App\Http\Requests\Settings">
          <metrics complexity="2" methods="2" coveredmethods="2" conditionals="0" coveredconditionals="0" statements="5" coveredstatements="5" elements="7" coveredelements="7"/>
        </class>
        <line num="20" type="method" name="authorize" visibility="public" complexity="1" crap="1" count="2"/>
        <line num="23" type="stmt" count="2"/>
        <line num="31" type="method" name="rules" visibility="public" complexity="1" crap="1" count="2"/>
        <line num="33" type="stmt" count="2"/>
        <line num="34" type="stmt" count="2"/>
        <line num="35" type="stmt" count="2"/>
        <line num="36" type="stmt" count="2"/>
        <metrics loc="39" ncloc="24" classes="1" methods="2" coveredmethods="2" conditionals="0" coveredconditionals="0" statements="5" coveredstatements="5" elements="7" coveredelements="7"/>
      </file>
      <file name="C:\Users\youne\PhpstormProjects\Ticketack\app\Http\Requests\Settings\Profile.php">
        <class name="App\Http\Requests\Settings\Profile" namespace="App\Http\Requests\Settings">
          <metrics complexity="5" methods="2" coveredmethods="1" conditionals="0" coveredconditionals="0" statements="28" coveredstatements="26" elements="30" coveredelements="27"/>
        </class>
        <line num="27" type="method" name="authorize" visibility="public" complexity="1" crap="1" count="4"/>
        <line num="30" type="stmt" count="4"/>
        <line num="38" type="method" name="rules" visibility="public" complexity="4" crap="4.01" count="4"/>
        <line num="40" type="stmt" count="4"/>
        <line num="41" type="stmt" count="4"/>
        <line num="43" type="stmt" count="4"/>
        <line num="44" type="stmt" count="4"/>
        <line num="45" type="stmt" count="4"/>
        <line num="46" type="stmt" count="4"/>
        <line num="47" type="stmt" count="4"/>
        <line num="48" type="stmt" count="4"/>
        <line num="49" type="stmt" count="4"/>
        <line num="50" type="stmt" count="4"/>
        <line num="52" type="stmt" count="4"/>
        <line num="54" type="stmt" count="4"/>
        <line num="55" type="stmt" count="4"/>
        <line num="56" type="stmt" count="4"/>
        <line num="57" type="stmt" count="4"/>
        <line num="58" type="stmt" count="4"/>
        <line num="59" type="stmt" count="4"/>
        <line num="60" type="stmt" count="1"/>
        <line num="62" type="stmt" count="1"/>
        <line num="65" type="stmt" count="1"/>
        <line num="66" type="stmt" count="1"/>
        <line num="67" type="stmt" count="1"/>
        <line num="69" type="stmt" count="0"/>
        <line num="70" type="stmt" count="0"/>
        <line num="72" type="stmt" count="4"/>
        <line num="73" type="stmt" count="4"/>
        <line num="74" type="stmt" count="4"/>
        <metrics loc="77" ncloc="60" classes="1" methods="2" coveredmethods="1" conditionals="0" coveredconditionals="0" statements="28" coveredstatements="26" elements="30" coveredelements="27"/>
      </file>
      <file name="C:\Users\youne\PhpstormProjects\Ticketack\app\Http\Requests\Settings\Theme.php">
        <class name="App\Http\Requests\Settings\Theme" namespace="App\Http\Requests\Settings">
          <metrics complexity="2" methods="2" coveredmethods="2" conditionals="0" coveredconditionals="0" statements="5" coveredstatements="5" elements="7" coveredelements="7"/>
        </class>
        <line num="22" type="method" name="authorize" visibility="public" complexity="1" crap="1" count="2"/>
        <line num="25" type="stmt" count="2"/>
        <line num="33" type="method" name="rules" visibility="public" complexity="1" crap="1" count="2"/>
        <line num="35" type="stmt" count="2"/>
        <line num="37" type="stmt" count="2"/>
        <line num="38" type="stmt" count="2"/>
        <line num="39" type="stmt" count="2"/>
        <metrics loc="42" ncloc="26" classes="1" methods="2" coveredmethods="2" conditionals="0" coveredconditionals="0" statements="5" coveredstatements="5" elements="7" coveredelements="7"/>
      </file>
    </package>
    <package name="App\Jobs">
      <file name="C:\Users\youne\PhpstormProjects\Ticketack\app\Jobs\SendEmailJob.php">
        <class name="App\Jobs\SendEmailJob" namespace="App\Jobs">
          <metrics complexity="2" methods="2" coveredmethods="0" conditionals="0" coveredconditionals="0" statements="2" coveredstatements="0" elements="4" coveredelements="0"/>
        </class>
        <line num="23" type="method" name="__construct" visibility="public" complexity="1" crap="2" count="0"/>
        <line num="25" type="stmt" count="0"/>
        <line num="33" type="method" name="handle" visibility="public" complexity="1" crap="2" count="0"/>
        <line num="35" type="stmt" count="0"/>
        <metrics loc="38" ncloc="28" classes="1" methods="2" coveredmethods="0" conditionals="0" coveredconditionals="0" statements="2" coveredstatements="0" elements="4" coveredelements="0"/>
      </file>
    </package>
    <package name="App\Mail\Auth">
      <file name="C:\Users\youne\PhpstormProjects\Ticketack\app\Mail\Auth\PasswordResetMail.php">
        <class name="App\Mail\Auth\PasswordResetMail" namespace="App\Mail\Auth">
          <metrics complexity="4" methods="4" coveredmethods="0" conditionals="0" coveredconditionals="0" statements="16" coveredstatements="0" elements="20" coveredelements="0"/>
        </class>
        <line num="27" type="method" name="__construct" visibility="public" complexity="1" crap="2" count="0"/>
        <line num="29" type="stmt" count="0"/>
        <line num="30" type="stmt" count="0"/>
        <line num="36" type="method" name="envelope" visibility="public" complexity="1" crap="2" count="0"/>
        <line num="38" type="stmt" count="0"/>
        <line num="39" type="stmt" count="0"/>
        <line num="40" type="stmt" count="0"/>
        <line num="41" type="stmt" count="0"/>
        <line num="47" type="method" name="content" visibility="public" complexity="1" crap="2" count="0"/>
        <line num="49" type="stmt" count="0"/>
        <line num="50" type="stmt" count="0"/>
        <line num="51" type="stmt" count="0"/>
        <line num="52" type="stmt" count="0"/>
        <line num="53" type="stmt" count="0"/>
        <line num="54" type="stmt" count="0"/>
        <line num="55" type="stmt" count="0"/>
        <line num="56" type="stmt" count="0"/>
        <line num="57" type="stmt" count="0"/>
        <line num="65" type="method" name="attachments" visibility="public" complexity="1" crap="2" count="0"/>
        <line num="67" type="stmt" count="0"/>
        <metrics loc="70" ncloc="54" classes="1" methods="4" coveredmethods="0" conditionals="0" coveredconditionals="0" statements="16" coveredstatements="0" elements="20" coveredelements="0"/>
      </file>
      <file name="C:\Users\youne\PhpstormProjects\Ticketack\app\Mail\Auth\RegisteredEmail.php">
        <class name="App\Mail\Auth\RegisteredEmail" namespace="App\Mail\Auth">
          <metrics complexity="4" methods="4" coveredmethods="4" conditionals="0" coveredconditionals="0" statements="13" coveredstatements="13" elements="17" coveredelements="17"/>
        </class>
        <line num="26" type="method" name="__construct" visibility="public" complexity="1" crap="1" count="1"/>
        <line num="28" type="stmt" count="1"/>
        <line num="34" type="method" name="envelope" visibility="public" complexity="1" crap="1" count="1"/>
        <line num="36" type="stmt" count="1"/>
        <line num="37" type="stmt" count="1"/>
        <line num="38" type="stmt" count="1"/>
        <line num="39" type="stmt" count="1"/>
        <line num="45" type="method" name="content" visibility="public" complexity="1" crap="1" count="1"/>
        <line num="47" type="stmt" count="1"/>
        <line num="48" type="stmt" count="1"/>
        <line num="49" type="stmt" count="1"/>
        <line num="50" type="stmt" count="1"/>
        <line num="51" type="stmt" count="1"/>
        <line num="52" type="stmt" count="1"/>
        <line num="53" type="stmt" count="1"/>
        <line num="61" type="method" name="attachments" visibility="public" complexity="1" crap="1" count="1"/>
        <line num="63" type="stmt" count="1"/>
        <metrics loc="66" ncloc="50" classes="1" methods="4" coveredmethods="4" conditionals="0" coveredconditionals="0" statements="13" coveredstatements="13" elements="17" coveredelements="17"/>
      </file>
      <file name="C:\Users\youne\PhpstormProjects\Ticketack\app\Mail\Auth\VerifyEmail.php">
        <class name="App\Mail\Auth\VerifyEmail" namespace="App\Mail\Auth">
          <metrics complexity="4" methods="4" coveredmethods="0" conditionals="0" coveredconditionals="0" statements="16" coveredstatements="0" elements="20" coveredelements="0"/>
        </class>
        <line num="27" type="method" name="__construct" visibility="public" complexity="1" crap="2" count="0"/>
        <line num="29" type="stmt" count="0"/>
        <line num="30" type="stmt" count="0"/>
        <line num="36" type="method" name="envelope" visibility="public" complexity="1" crap="2" count="0"/>
        <line num="38" type="stmt" count="0"/>
        <line num="39" type="stmt" count="0"/>
        <line num="40" type="stmt" count="0"/>
        <line num="41" type="stmt" count="0"/>
        <line num="47" type="method" name="content" visibility="public" complexity="1" crap="2" count="0"/>
        <line num="49" type="stmt" count="0"/>
        <line num="50" type="stmt" count="0"/>
        <line num="51" type="stmt" count="0"/>
        <line num="52" type="stmt" count="0"/>
        <line num="53" type="stmt" count="0"/>
        <line num="54" type="stmt" count="0"/>
        <line num="55" type="stmt" count="0"/>
        <line num="56" type="stmt" count="0"/>
        <line num="57" type="stmt" count="0"/>
        <line num="65" type="method" name="attachments" visibility="public" complexity="1" crap="2" count="0"/>
        <line num="67" type="stmt" count="0"/>
        <metrics loc="70" ncloc="54" classes="1" methods="4" coveredmethods="0" conditionals="0" coveredconditionals="0" statements="16" coveredstatements="0" elements="20" coveredelements="0"/>
      </file>
    </package>
    <package name="App\Models">
      <file name="C:\Users\youne\PhpstormProjects\Ticketack\app\Models\Attachment.php">
        <class name="App\Models\Attachment" namespace="App\Models">
          <metrics complexity="2" methods="2" coveredmethods="1" conditionals="0" coveredconditionals="0" statements="2" coveredstatements="1" elements="4" coveredelements="2"/>
        </class>
        <line num="36" type="method" name="user" visibility="public" complexity="1" crap="2" count="0"/>
        <line num="38" type="stmt" count="0"/>
        <line num="41" type="method" name="getUrl" visibility="public" complexity="1" crap="1" count="1"/>
        <line num="43" type="stmt" count="1"/>
        <metrics loc="46" ncloc="31" classes="1" methods="2" coveredmethods="1" conditionals="0" coveredconditionals="0" statements="2" coveredstatements="1" elements="4" coveredelements="2"/>
      </file>
      <file name="C:\Users\youne\PhpstormProjects\Ticketack\app\Models\DatabaseNotification.php">
        <class name="App\Models\DatabaseNotification" namespace="App\Models">
          <metrics complexity="0" methods="0" coveredmethods="0" conditionals="0" coveredconditionals="0" statements="0" coveredstatements="0" elements="0" coveredelements="0"/>
        </class>
        <metrics loc="12" ncloc="12" classes="0" methods="0" coveredmethods="0" conditionals="0" coveredconditionals="0" statements="0" coveredstatements="0" elements="0" coveredelements="0"/>
      </file>
      <file name="C:\Users\youne\PhpstormProjects\Ticketack\app\Models\NotificationPreference.php">
        <class name="App\Models\NotificationPreference" namespace="App\Models">
          <metrics complexity="2" methods="2" coveredmethods="1" conditionals="0" coveredconditionals="0" statements="4" coveredstatements="3" elements="6" coveredelements="4"/>
        </class>
        <line num="32" type="method" name="casts" visibility="protected" complexity="1" crap="1" count="4"/>
        <line num="34" type="stmt" count="4"/>
        <line num="35" type="stmt" count="4"/>
        <line num="36" type="stmt" count="4"/>
        <line num="42" type="method" name="user" visibility="public" complexity="1" crap="2" count="0"/>
        <line num="44" type="stmt" count="0"/>
        <metrics loc="47" ncloc="33" classes="1" methods="2" coveredmethods="1" conditionals="0" coveredconditionals="0" statements="4" coveredstatements="3" elements="6" coveredelements="4"/>
      </file>
      <file name="C:\Users\youne\PhpstormProjects\Ticketack\app\Models\PasswordResetToken.php">
        <class name="App\Models\PasswordResetToken" namespace="App\Models">
          <metrics complexity="1" methods="1" coveredmethods="1" conditionals="0" coveredconditionals="0" statements="1" coveredstatements="1" elements="2" coveredelements="2"/>
        </class>
        <line num="23" type="method" name="user" visibility="public" complexity="1" crap="1" count="1"/>
        <line num="24" type="stmt" count="1"/>
        <metrics loc="27" ncloc="26" classes="1" methods="1" coveredmethods="1" conditionals="0" coveredconditionals="0" statements="1" coveredstatements="1" elements="2" coveredelements="2"/>
      </file>
      <file name="C:\Users\youne\PhpstormProjects\Ticketack\app\Models\User.php">
        <class name="App\Models\User" namespace="App\Models">
          <metrics complexity="5" methods="5" coveredmethods="4" conditionals="0" coveredconditionals="0" statements="8" coveredstatements="7" elements="13" coveredelements="11"/>
        </class>
        <line num="54" type="method" name="casts" visibility="protected" complexity="1" crap="1" count="50"/>
        <line num="56" type="stmt" count="50"/>
        <line num="57" type="stmt" count="50"/>
        <line num="58" type="stmt" count="50"/>
        <line num="59" type="stmt" count="50"/>
        <line num="65" type="method" name="notificationPreferences" visibility="public" complexity="1" crap="1" count="4"/>
        <line num="67" type="stmt" count="4"/>
        <line num="71" type="method" name="routeNotificationForVonage" visibility="public" complexity="1" crap="2" count="0"/>
        <line num="72" type="stmt" count="0"/>
        <line num="78" type="method" name="passwordResetToken" visibility="public" complexity="1" crap="1" count="4"/>
        <line num="79" type="stmt" count="4"/>
        <line num="82" type="method" name="avatar" visibility="public" complexity="1" crap="1" count="49"/>
        <line num="84" type="stmt" count="49"/>
        <metrics loc="88" ncloc="65" classes="1" methods="5" coveredmethods="4" conditionals="0" coveredconditionals="0" statements="8" coveredstatements="7" elements="13" coveredelements="11"/>
      </file>
    </package>
    <package name="App\Notifications">
      <file name="C:\Users\youne\PhpstormProjects\Ticketack\app\Notifications\Example.php">
        <class name="App\Notifications\Example" namespace="App\Notifications">
          <metrics complexity="8" methods="6" coveredmethods="0" conditionals="0" coveredconditionals="0" statements="23" coveredstatements="0" elements="29" coveredelements="0"/>
        </class>
        <line num="23" type="method" name="__construct" visibility="public" complexity="1" crap="2" count="0"/>
        <line num="25" type="stmt" count="0"/>
        <line num="32" type="method" name="databaseType" visibility="public" complexity="1" crap="2" count="0"/>
        <line num="34" type="stmt" count="0"/>
        <line num="42" type="method" name="via" visibility="public" complexity="3" crap="12" count="0"/>
        <line num="45" type="stmt" count="0"/>
        <line num="46" type="stmt" count="0"/>
        <line num="47" type="stmt" count="0"/>
        <line num="48" type="stmt" count="0"/>
        <line num="49" type="stmt" count="0"/>
        <line num="52" type="stmt" count="0"/>
        <line num="55" type="stmt" count="0"/>
        <line num="56" type="stmt" count="0"/>
        <line num="59" type="stmt" count="0"/>
        <line num="65" type="method" name="toMail" visibility="public" complexity="1" crap="2" count="0"/>
        <line num="67" type="stmt" count="0"/>
        <line num="73" type="method" name="toArray" visibility="public" complexity="1" crap="2" count="0"/>
        <line num="75" type="stmt" count="0"/>
        <line num="76" type="stmt" count="0"/>
        <line num="77" type="stmt" count="0"/>
        <line num="78" type="stmt" count="0"/>
        <line num="79" type="stmt" count="0"/>
        <line num="80" type="stmt" count="0"/>
        <line num="81" type="stmt" count="0"/>
        <line num="82" type="stmt" count="0"/>
        <line num="88" type="method" name="toVonage" visibility="public" complexity="1" crap="2" count="0"/>
        <line num="90" type="stmt" count="0"/>
        <line num="91" type="stmt" count="0"/>
        <line num="92" type="stmt" count="0"/>
        <metrics loc="95" ncloc="71" classes="1" methods="6" coveredmethods="0" conditionals="0" coveredconditionals="0" statements="23" coveredstatements="0" elements="29" coveredelements="0"/>
      </file>
      <file name="C:\Users\youne\PhpstormProjects\Ticketack\app\Notifications\PasswordReset.php">
        <class name="App\Notifications\PasswordReset" namespace="App\Notifications">
          <metrics complexity="4" methods="4" coveredmethods="2" conditionals="0" coveredconditionals="0" statements="5" coveredstatements="3" elements="9" coveredelements="5"/>
        </class>
        <line num="23" type="method" name="__construct" visibility="public" complexity="1" crap="1" count="1"/>
        <line num="25" type="stmt" count="1"/>
        <line num="26" type="stmt" count="1"/>
        <line num="32" type="method" name="databaseType" visibility="public" complexity="1" crap="2" count="0"/>
        <line num="34" type="stmt" count="0"/>
        <line num="42" type="method" name="via" visibility="public" complexity="1" crap="1" count="1"/>
        <line num="44" type="stmt" count="1"/>
        <line num="50" type="method" name="toMail" visibility="public" complexity="1" crap="2" count="0"/>
        <line num="52" type="stmt" count="0"/>
        <metrics loc="55" ncloc="40" classes="1" methods="4" coveredmethods="2" conditionals="0" coveredconditionals="0" statements="5" coveredstatements="3" elements="9" coveredelements="5"/>
      </file>
      <file name="C:\Users\youne\PhpstormProjects\Ticketack\app\Notifications\UserRegistered.php">
        <class name="App\Notifications\UserRegistered" namespace="App\Notifications">
          <metrics complexity="5" methods="5" coveredmethods="5" conditionals="0" coveredconditionals="0" statements="11" coveredstatements="11" elements="16" coveredelements="16"/>
        </class>
        <line num="24" type="method" name="__construct" visibility="public" complexity="1" crap="1" count="1"/>
        <line num="26" type="stmt" count="1"/>
        <line num="32" type="method" name="databaseType" visibility="public" complexity="1" crap="1" count="1"/>
        <line num="34" type="stmt" count="1"/>
        <line num="42" type="method" name="via" visibility="public" complexity="1" crap="1" count="1"/>
        <line num="44" type="stmt" count="1"/>
        <line num="50" type="method" name="toMail" visibility="public" complexity="1" crap="1" count="1"/>
        <line num="52" type="stmt" count="1"/>
        <line num="58" type="method" name="toDatabase" visibility="public" complexity="1" crap="1" count="1"/>
        <line num="60" type="stmt" count="1"/>
        <line num="61" type="stmt" count="1"/>
        <line num="62" type="stmt" count="1"/>
        <line num="63" type="stmt" count="1"/>
        <line num="64" type="stmt" count="1"/>
        <line num="65" type="stmt" count="1"/>
        <line num="66" type="stmt" count="1"/>
        <metrics loc="69" ncloc="50" classes="1" methods="5" coveredmethods="5" conditionals="0" coveredconditionals="0" statements="11" coveredstatements="11" elements="16" coveredelements="16"/>
      </file>
      <file name="C:\Users\youne\PhpstormProjects\Ticketack\app\Notifications\VerifyEmail.php">
        <class name="App\Notifications\VerifyEmail" namespace="App\Notifications">
          <metrics complexity="4" methods="4" coveredmethods="2" conditionals="0" coveredconditionals="0" statements="5" coveredstatements="3" elements="9" coveredelements="5"/>
        </class>
        <line num="23" type="method" name="__construct" visibility="public" complexity="1" crap="1" count="1"/>
        <line num="25" type="stmt" count="1"/>
        <line num="26" type="stmt" count="1"/>
        <line num="32" type="method" name="databaseType" visibility="public" complexity="1" crap="2" count="0"/>
        <line num="34" type="stmt" count="0"/>
        <line num="42" type="method" name="via" visibility="public" complexity="1" crap="1" count="1"/>
        <line num="44" type="stmt" count="1"/>
        <line num="50" type="method" name="toMail" visibility="public" complexity="1" crap="2" count="0"/>
        <line num="52" type="stmt" count="0"/>
        <metrics loc="55" ncloc="40" classes="1" methods="4" coveredmethods="2" conditionals="0" coveredconditionals="0" statements="5" coveredstatements="3" elements="9" coveredelements="5"/>
      </file>
    </package>
    <package name="App\Providers">
      <file name="C:\Users\youne\PhpstormProjects\Ticketack\app\Providers\AppServiceProvider.php">
        <class name="App\Providers\AppServiceProvider" namespace="App\Providers">
          <metrics complexity="2" methods="2" coveredmethods="1" conditionals="0" coveredconditionals="0" statements="5" coveredstatements="4" elements="7" coveredelements="5"/>
        </class>
        <line num="15" type="method" name="register" visibility="public" complexity="1" crap="1" count="53"/>
        <line num="18" type="stmt" count="53"/>
        <line num="23" type="method" name="boot" visibility="public" complexity="1" crap="1.02" count="53"/>
        <line num="25" type="stmt" count="53"/>
        <line num="28" type="stmt" count="53"/>
        <line num="29" type="stmt" count="0"/>
        <line num="30" type="stmt" count="53"/>
        <metrics loc="33" ncloc="25" classes="1" methods="2" coveredmethods="1" conditionals="0" coveredconditionals="0" statements="5" coveredstatements="4" elements="7" coveredelements="5"/>
      </file>
    </package>
    <metrics files="43" loc="2572" ncloc="1884" classes="41" methods="109" coveredmethods="74" conditionals="0" coveredconditionals="0" statements="564" coveredstatements="450" elements="673" coveredelements="524"/>
  </project>
</coverage>
